0 info it worked if it ends with ok
1 verbose cli [ 'C:\\Program Files\\nodejs\\node.exe',
1 verbose cli   'C:\\Users\\Tony\\AppData\\Roaming\\npm\\node_modules\\npm\\bin\\npm-cli.js',
1 verbose cli   'run',
1 verbose cli   'deploy' ]
2 info using npm@4.1.1
3 info using node@v6.9.4
4 verbose run-script [ 'predeploy', 'deploy', 'postdeploy' ]
5 info lifecycle wow-discord-bot@1.0.0~predeploy: wow-discord-bot@1.0.0
6 silly lifecycle wow-discord-bot@1.0.0~predeploy: no script for predeploy, continuing
7 info lifecycle wow-discord-bot@1.0.0~deploy: wow-discord-bot@1.0.0
8 verbose lifecycle wow-discord-bot@1.0.0~deploy: unsafe-perm in lifecycle true
9 verbose lifecycle wow-discord-bot@1.0.0~deploy: PATH: C:\Users\Tony\AppData\Roaming\npm\node_modules\npm\bin\node-gyp-bin;C:\Users\Tony\code\wow-discord-bot\node_modules\.bin;C:\WINDOWS\system32;C:\WINDOWS;C:\WINDOWS\System32\Wbem;C:\WINDOWS\System32\WindowsPowerShell\v1.0\;C:\HashiCorp\Vagrant\bin;C:\Program Files\nodejs\;C:\Program Files\Amazon\AWSCLI\;C:\Go\bin;C:\Program Files\PuTTY\;C:\Program Files (x86)\Skype\Phone\;C:\WINDOWS\system32;C:\WINDOWS;C:\WINDOWS\System32\Wbem;C:\WINDOWS\System32\WindowsPowerShell\v1.0\;C:\HashiCorp\Vagrant\bin;C:\Program Files\nodejs\;C:\Users\Tony\AppData\Local\Microsoft\WindowsApps;C:\Users\Tony\AppData\Roaming\npm;C:\Users\Tony\AppData\Local\Android\sdk\platform-tools;C:\Program Files\Android\Android Studio\jre\bin;C:\terraform;C:\Users\Tony\AppData\Local\Google\Cloud SDK\google-cloud-sdk\bin;C:\go_appengine;C:\Program Files\Git\bin;C:\Program Files\Heroku\bin;C:\Users\Tony\AppData\Local\Microsoft\WindowsApps;
10 verbose lifecycle wow-discord-bot@1.0.0~deploy: CWD: C:\Users\Tony\code\wow-discord-bot
11 silly lifecycle wow-discord-bot@1.0.0~deploy: Args: [ '/d /s /c', 'now rm wow-discord-bot -y && now --public' ]
12 silly lifecycle wow-discord-bot@1.0.0~deploy: Returned: code: 1  signal: null
13 info lifecycle wow-discord-bot@1.0.0~deploy: Failed to exec deploy script
14 verbose stack Error: wow-discord-bot@1.0.0 deploy: `now rm wow-discord-bot -y && now --public`
14 verbose stack Exit status 1
14 verbose stack     at EventEmitter.<anonymous> (C:\Users\Tony\AppData\Roaming\npm\node_modules\npm\lib\utils\lifecycle.js:279:16)
14 verbose stack     at emitTwo (events.js:106:13)
14 verbose stack     at EventEmitter.emit (events.js:191:7)
14 verbose stack     at ChildProcess.<anonymous> (C:\Users\Tony\AppData\Roaming\npm\node_modules\npm\lib\utils\spawn.js:40:14)
14 verbose stack     at emitTwo (events.js:106:13)
14 verbose stack     at ChildProcess.emit (events.js:191:7)
14 verbose stack     at maybeClose (internal/child_process.js:877:16)
14 verbose stack     at Process.ChildProcess._handle.onexit (internal/child_process.js:226:5)
15 verbose pkgid wow-discord-bot@1.0.0
16 verbose cwd C:\Users\Tony\code\wow-discord-bot
17 error Windows_NT 10.0.15063
18 error argv "C:\\Program Files\\nodejs\\node.exe" "C:\\Users\\Tony\\AppData\\Roaming\\npm\\node_modules\\npm\\bin\\npm-cli.js" "run" "deploy"
19 error node v6.9.4
20 error npm  v4.1.1
21 error code ELIFECYCLE
22 error wow-discord-bot@1.0.0 deploy: `now rm wow-discord-bot -y && now --public`
22 error Exit status 1
23 error Failed at the wow-discord-bot@1.0.0 deploy script 'now rm wow-discord-bot -y && now --public'.
23 error Make sure you have the latest version of node.js and npm installed.
23 error If you do, this is most likely a problem with the wow-discord-bot package,
23 error not with npm itself.
23 error Tell the author that this fails on your system:
23 error     now rm wow-discord-bot -y && now --public
23 error You can get information on how to open an issue for this project with:
23 error     npm bugs wow-discord-bot
23 error Or if that isn't available, you can get their info via:
23 error     npm owner ls wow-discord-bot
23 error There is likely additional logging output above.
24 verbose exit [ 1, true ]
